<?xml version="1.0" encoding="UTF-8"?>
<testsuite xmlns:xsi="http://www.w3.org/2001/XMLSchema-instance" xsi:noNamespaceSchemaLocation="https://maven.apache.org/surefire/maven-surefire-plugin/xsd/surefire-test-report-3.0.xsd" version="3.0" name="com.demo.DemoApplicationTests" time="4.633" tests="1" errors="0" skipped="0" failures="0">
  <properties>
[...]
</properties>
  <testcase name="contextLoads" classname="com.demo.DemoApplicationTests" time="1.04">
    <system-out><![CDATA[21:09:23.449 [main] INFO org.springframework.test.context.support.AnnotationConfigContextLoaderUtils -- Could not detect default configuration classes for test class [com.demo.DemoApplicationTests]: DemoApplicationTests does not declare any static, non-private, non-final, nested classes annotated with @Configuration.
21:09:23.575 [main] INFO org.springframework.boot.test.context.SpringBootTestContextBootstrapper -- Found @SpringBootConfiguration com.demo.DemoApplication for test class com.demo.DemoApplicationTests

  .   ____          _            __ _ _
 /\\ / ___'_ __ _ _(_)_ __  __ _ \ \ \ \
( ( )\___ | '_ | '_| | '_ \/ _` | \ \ \ \
 \\/  ___)| |_)| | | | | || (_| |  ) ) ) )
  '  |____| .__|_| |_|_| |_\__, | / / / /
 =========|_|==============|___/=/_/_/_/
 :: Spring Boot ::                (v3.2.5)

2024-05-11T21:09:24.027-07:00  INFO 115076 --- [demo] [           main] com.demo.DemoApplicationTests            : Starting DemoApplicationTests using Java 17.0.10 with PID 115076 (started by shashi in C:\Users\shashi\git\demo)
2024-05-11T21:09:24.030-07:00  INFO 115076 --- [demo] [           main] com.demo.DemoApplicationTests            : No active profile set, falling back to 1 default profile: "default"
backendService.baseUrl=https://google.com
2024-05-11T21:09:26.705-07:00  INFO 115076 --- [demo] [           main] o.s.b.a.e.web.EndpointLinksResolver      : Exposing 23 endpoint(s) beneath base path '/actuator'
2024-05-11T21:09:26.805-07:00  INFO 115076 --- [demo] [           main] com.demo.DemoApplicationTests            : Started DemoApplicationTests in 3.079 seconds (process running for 4.008)
]]></system-out>
  </testcase>
</testsuite>